{
  "RSpec": {
    "coverage": {
      "/Users/andela2014/Personal/vbox/ruby/rails/flightmanager/app/controllers/bookings_controller.rb": [
        1,
        1,
        1,
        1,
        1,
        null,
        1,
        0,
        null,
        null,
        1,
        3,
        3,
        3,
        null,
        null,
        1,
        4,
        4,
        4,
        8,
        null,
        null,
        1,
        0,
        0,
        null,
        0,
        null,
        null,
        null,
        1,
        0,
        0,
        0,
        0,
        0,
        null,
        0,
        null,
        null,
        1,
        3,
        3,
        3,
        3,
        3,
        6,
        3,
        null,
        0,
        0,
        0,
        null,
        null,
        null,
        null,
        1,
        0,
        0,
        0,
        0,
        0,
        0,
        null,
        null,
        null,
        1,
        1,
        0,
        0,
        null,
        1,
        null,
        null,
        null,
        1,
        null,
        1,
        0,
        null,
        0,
        0,
        null,
        null,
        null,
        null,
        null,
        null,
        null,
        null,
        1,
        0,
        0,
        0,
        null,
        null,
        1,
        3,
        3,
        null,
        null,
        1,
        3,
        null,
        null,
        1,
        0,
        0,
        0,
        0,
        0,
        0,
        0,
        null,
        null,
        null,
        null,
        null,
        1,
        0,
        0,
        0,
        null,
        null,
        null,
        1,
        0,
        0,
        0,
        null,
        null,
        null
      ],
      "/Users/andela2014/Personal/vbox/ruby/rails/flightmanager/app/controllers/application_controller.rb": [
        1,
        null,
        null,
        1,
        1,
        null,
        1,
        1,
        1,
        1,
        null,
        null,
        1,
        0,
        0,
        null,
        null,
        1,
        1,
        0,
        0,
        null,
        null,
        null,
        1,
        0,
        0,
        null,
        null,
        1,
        54,
        null,
        null,
        1,
        4,
        3,
        3,
        null,
        null,
        null
      ],
      "/Users/andela2014/Personal/vbox/ruby/rails/flightmanager/app/controllers/users_controller.rb": [
        1,
        1,
        1,
        null,
        null,
        1,
        null,
        null,
        1,
        2,
        2,
        2,
        0,
        null,
        2,
        null,
        null,
        null,
        1,
        0,
        0,
        null,
        null,
        1,
        1,
        0,
        null,
        null,
        null,
        1,
        1,
        null,
        null,
        null
      ],
      "/Users/andela2014/Personal/vbox/ruby/rails/flightmanager/app/controllers/welcome_controller.rb": [
        1,
        1,
        6,
        6,
        null,
        null
      ],
      "/Users/andela2014/Personal/vbox/ruby/rails/flightmanager/app/decorators/user_decorator.rb": [
        1,
        1,
        null,
        null,
        null,
        null,
        null,
        null,
        null,
        null,
        null,
        null,
        1,
        2,
        null,
        null
      ],
      "/Users/andela2014/Personal/vbox/ruby/rails/flightmanager/app/models/user.rb": [
        1,
        1,
        1,
        1,
        null,
        1,
        4,
        2,
        2,
        2,
        2,
        2,
        2,
        2,
        null,
        null,
        null
      ],
      "/Users/andela2014/Personal/vbox/ruby/rails/flightmanager/app/mailers/booking_mailer.rb": [
        1,
        1,
        null,
        1,
        0,
        0,
        0,
        null,
        0,
        null,
        null,
        null,
        1,
        0,
        0,
        0,
        0,
        0,
        null,
        null,
        1,
        1,
        0,
        0,
        0,
        null,
        null,
        null
      ],
      "/Users/andela2014/Personal/vbox/ruby/rails/flightmanager/app/mailers/application_mailer.rb": [
        1,
        1,
        1,
        null
      ],
      "/Users/andela2014/Personal/vbox/ruby/rails/flightmanager/app/models/booking.rb": [
        1,
        1,
        null,
        1,
        1,
        null,
        1,
        1,
        1,
        1,
        1,
        1,
        1,
        1,
        null,
        1,
        3,
        null,
        null,
        null,
        null,
        null,
        null,
        null,
        null,
        null,
        null,
        3,
        null,
        null,
        1,
        0,
        null,
        null,
        1,
        1,
        5,
        5,
        null,
        null,
        1,
        10,
        2,
        null,
        null,
        null
      ],
      "/Users/andela2014/Personal/vbox/ruby/rails/flightmanager/app/models/concerns/add_uniq_id.rb": [
        1,
        null,
        1,
        14,
        null,
        null
      ],
      "/Users/andela2014/Personal/vbox/ruby/rails/flightmanager/app/models/flight.rb": [
        1,
        1,
        1,
        null,
        1,
        1,
        null,
        1,
        1,
        1,
        1,
        null,
        1,
        1,
        1,
        null,
        1,
        2,
        2,
        null,
        2,
        1,
        null,
        1,
        null,
        null,
        null,
        1,
        16,
        null,
        null,
        1,
        6,
        null,
        null,
        1,
        8,
        null,
        null,
        1,
        1,
        2112,
        4,
        null,
        null,
        null,
        1,
        2112,
        25,
        null,
        null,
        null,
        1,
        2112,
        2,
        null,
        null,
        null
      ],
      "/Users/andela2014/Personal/vbox/ruby/rails/flightmanager/app/models/passenger.rb": [
        1,
        1,
        1,
        1,
        1,
        1,
        1,
        1,
        null,
        1,
        0,
        null,
        null,
        1,
        1,
        23,
        4,
        null,
        null,
        null,
        null
      ],
      "/Users/andela2014/Personal/vbox/ruby/rails/flightmanager/app/models/airport.rb": [
        1,
        1,
        1,
        1,
        null,
        1,
        1,
        null,
        null
      ],
      "/Users/andela2014/Personal/vbox/ruby/rails/flightmanager/app/controllers/flights_controller.rb": [
        1,
        1,
        null,
        1,
        4,
        4,
        1,
        1,
        1,
        null,
        3,
        null,
        4,
        null,
        null,
        1,
        1,
        1,
        1,
        1,
        1,
        1,
        1,
        null,
        null,
        1,
        0,
        null,
        null,
        1,
        9,
        null,
        null,
        1,
        1,
        0,
        0,
        null,
        null,
        null,
        1,
        1,
        0,
        0,
        null,
        null,
        null
      ],
      "/Users/andela2014/Personal/vbox/ruby/rails/flightmanager/app/models/reservation.rb": [
        1,
        1,
        null,
        1,
        null,
        1,
        1,
        1,
        null
      ]
    },
    "timestamp": 1442604300
  }
}
